[2022-02-24 16:35:20]	compilation failed at : "c:\Users\gxt\Desktop\资料\stm32f407代码\stm32f407代码\最终版一号车\SYSTEM\CHE\car_ctrl.c", exit code: 1
  at unify_builder.Program.compileByMulThread (System.Int32 thrNum, unify_builder.CmdGenerator+CmdInfo[] cmds, System.Collections.Generic.List`1[T] errLogs) [0x00104] in <67d11e1b30504dd6babd321425698ba1>:0 
  at unify_builder.Program.Main (System.String[] args) [0x018f4] in <67d11e1b30504dd6babd321425698ba1>:0 
---
In file included from ./../SYSTEM/key.c:1:
In file included from ./../SYSTEM/key.h:3:
In file included from ./../SYSTEM/sys\sys.h:3:
In file included from .\stm32f4xx.h:470:
In file included from ./../CORE\core_cm4.h:170:
./../CORE\core_cmFunc.h:614:54: error: unknown register name 'vfpcc' in asm
  __ASM volatile ("VMSR fpscr, %0" : : "r" (fpscr) : "vfpcc");
                                                     ^
1 error generated.
In file included from ./../SYSTEM/flycontrol_v1/SPL06_001.c:3:
In file included from ./../SYSTEM/flycontrol_v1/spl06_001.h:4:
In file included from ./../SYSTEM/sys\sys.h:3:
In file included from .\stm32f4xx.h:470:
In file included from ./../CORE\core_cm4.h:170:
./../CORE\core_cmFunc.h:614:54: error: unknown register name 'vfpcc' in asm
  __ASM volatile ("VMSR fpscr, %0" : : "r" (fpscr) : "vfpcc");
                                                     ^
1 error generated.
In file included from ./../FWLIB/src/stm32f4xx_cryp_aes.c:55:
In file included from ./../FWLIB/inc\stm32f4xx_cryp.h:38:
In file included from .\stm32f4xx.h:470:
In file included from ./../CORE\core_cm4.h:170:
./../CORE\core_cmFunc.h:614:54: error: unknown register name 'vfpcc' in asm
  __ASM volatile ("VMSR fpscr, %0" : : "r" (fpscr) : "vfpcc");
                                                     ^
1 error generated.
In file included from ./../FWLIB/src/stm32f4xx_spi.c:159:
In file included from ./../FWLIB/inc\stm32f4xx_spi.h:38:
In file included from .\stm32f4xx.h:470:
In file included from ./../CORE\core_cm4.h:170:
./../CORE\core_cmFunc.h:614:54: error: unknown register name 'vfpcc' in asm
  __ASM volatile ("VMSR fpscr, %0" : : "r" (fpscr) : "vfpcc");
                                                     ^
1 error generated.
In file included from ./../FWLIB/src/stm32f4xx_rcc.c:59:
In file included from ./../FWLIB/inc\stm32f4xx_rcc.h:37:
In file included from .\stm32f4xx.h:470:
In file included from ./../CORE\core_cm4.h:170:
./../CORE\core_cmFunc.h:614:54: error: unknown register name 'vfpcc' in asm
  __ASM volatile ("VMSR fpscr, %0" : : "r" (fpscr) : "vfpcc");
                                                     ^
1 error generated.
In file included from ./../FWLIB/src/stm32f4xx_hash_sha1.c:47:
In file included from ./../FWLIB/inc\stm32f4xx_hash.h:38:
In file included from .\stm32f4xx.h:470:
In file included from ./../CORE\core_cm4.h:170:
./../CORE\core_cmFunc.h:614:54: error: unknown register name 'vfpcc' in asm
  __ASM volatile ("VMSR fpscr, %0" : : "r" (fpscr) : "vfpcc");
                                                     ^
1 error generated.
In file included from ./../SYSTEM/CHE/ctrl_num.c:1:
In file included from ./../SYSTEM/CHE/ctrl_num.h:3:
In file included from ./../SYSTEM/sys\sys.h:3:
In file included from .\stm32f4xx.h:470:
In file included from ./../CORE\core_cm4.h:170:
./../CORE\core_cmFunc.h:614:54: error: unknown register name 'vfpcc' in asm
  __ASM volatile ("VMSR fpscr, %0" : : "r" (fpscr) : "vfpcc");
                                                     ^
1 error generated.
In file included from ./../SYSTEM/adc.c:1:
In file included from ./../SYSTEM/adc.h:3:
In file included from ./../SYSTEM/sys\sys.h:3:
In file included from .\stm32f4xx.h:470:
In file included from ./../CORE\core_cm4.h:170:
./../CORE\core_cmFunc.h:614:54: error: unknown register name 'vfpcc' in asm
  __ASM volatile ("VMSR fpscr, %0" : : "r" (fpscr) : "vfpcc");
                                                     ^
1 error generated.
In file included from ./../MOTOR_shuanghuan/motor_shuanghuan.c:1:
In file included from ./../MOTOR_shuanghuan/motor_shuanghuan.h:3:
In file included from ./../SYSTEM/sys\sys.h:3:
In file included from .\stm32f4xx.h:470:
In file included from ./../CORE\core_cm4.h:170:
./../CORE\core_cmFunc.h:614:54: error: unknown register name 'vfpcc' in asm
  __ASM volatile ("VMSR fpscr, %0" : : "r" (fpscr) : "vfpcc");
                                                     ^
1 error generated.
In file included from ./../FWLIB/src/misc.c:76:
In file included from ./../FWLIB/inc\misc.h:38:
In file included from .\stm32f4xx.h:470:
In file included from ./../CORE\core_cm4.h:170:
./../CORE\core_cmFunc.h:614:54: error: unknown register name 'vfpcc' in asm
  __ASM volatile ("VMSR fpscr, %0" : : "r" (fpscr) : "vfpcc");
                                                     ^
1 error generated.
In file included from ./../FWLIB/src/stm32f4xx_flash_ramfunc.c:58:
In file included from ./../FWLIB/inc\stm32f4xx_flash_ramfunc.h:38:
In file included from .\stm32f4xx.h:470:
In file included from ./../CORE\core_cm4.h:170:
./../CORE\core_cmFunc.h:614:54: error: unknown register name 'vfpcc' in asm
  __ASM volatile ("VMSR fpscr, %0" : : "r" (fpscr) : "vfpcc");
                                                     ^
1 error generated.
In file included from ./../SYSTEM/spi.c:1:
In file included from ./../SYSTEM/spi.h:3:
In file included from ./../SYSTEM/sys\sys.h:3:
In file included from .\stm32f4xx.h:470:
In file included from ./../CORE\core_cm4.h:170:
./../CORE\core_cmFunc.h:614:54: error: unknown register name 'vfpcc' in asm
  __ASM volatile ("VMSR fpscr, %0" : : "r" (fpscr) : "vfpcc");
                                                     ^
1 error generated.
In file included from ./../FWLIB/src/stm32f4xx_dcmi.c:86:
In file included from ./../FWLIB/inc\stm32f4xx_dcmi.h:37:
In file included from .\stm32f4xx.h:470:
In file included from ./../CORE\core_cm4.h:170:
./../CORE\core_cmFunc.h:614:54: error: unknown register name 'vfpcc' in asm
  __ASM volatile ("VMSR fpscr, %0" : : "r" (fpscr) : "vfpcc");
                                                     ^
1 error generated.
In file included from ./../SYSTEM/delay/delay.c:1:
In file included from ./../SYSTEM/delay/delay.h:3:
In file included from ./../SYSTEM/sys\sys.h:3:
In file included from .\stm32f4xx.h:470:
In file included from ./../CORE\core_cm4.h:170:
./../CORE\core_cmFunc.h:614:54: error: unknown register name 'vfpcc' in asm
  __ASM volatile ("VMSR fpscr, %0" : : "r" (fpscr) : "vfpcc");
                                                     ^
1 error generated.
In file included from ./../SYSTEM/one_fly_contorl/onefly_control.c:1:
In file included from ./../SYSTEM/one_fly_contorl/onefly_control.h:3:
In file included from ./../SYSTEM/sys\sys.h:3:
In file included from .\stm32f4xx.h:470:
In file included from ./../CORE\core_cm4.h:170:
./../CORE\core_cmFunc.h:614:54: error: unknown register name 'vfpcc' in asm
  __ASM volatile ("VMSR fpscr, %0" : : "r" (fpscr) : "vfpcc");
                                                     ^
1 error generated.
In file included from ./../SYSTEM/CHE/car_ctrl.c:1:
In file included from ./../SYSTEM/CHE/car_ctrl.h:3:
In file included from ./../SYSTEM/sys\sys.h:3:
In file included from .\stm32f4xx.h:470:
In file included from ./../CORE\core_cm4.h:170:
./../CORE\core_cmFunc.h:614:54: error: unknown register name 'vfpcc' in asm
  __ASM volatile ("VMSR fpscr, %0" : : "r" (fpscr) : "vfpcc");
                                                     ^
1 error generated.

[2022-02-24 16:35:42]	compilation failed at : "c:\Users\gxt\Desktop\资料\stm32f407代码\stm32f407代码\最终版一号车\MOTOR_shuanghuan\motor_shuanghuan.c", exit code: 1
  at unify_builder.Program.compileByMulThread (System.Int32 thrNum, unify_builder.CmdGenerator+CmdInfo[] cmds, System.Collections.Generic.List`1[T] errLogs) [0x00104] in <67d11e1b30504dd6babd321425698ba1>:0 
  at unify_builder.Program.Main (System.String[] args) [0x018f4] in <67d11e1b30504dd6babd321425698ba1>:0 
---
In file included from ./../FWLIB/src/misc.c:76:
In file included from ./../FWLIB/inc\misc.h:38:
In file included from .\stm32f4xx.h:470:
In file included from ./../CORE\core_cm4.h:170:
./../CORE\core_cmFunc.h:614:54: error: unknown register name 'vfpcc' in asm
  __ASM volatile ("VMSR fpscr, %0" : : "r" (fpscr) : "vfpcc");
                                                     ^
1 error generated.
In file included from ./../FWLIB/src/stm32f4xx_cryp_aes.c:55:
In file included from ./../FWLIB/inc\stm32f4xx_cryp.h:38:
In file included from .\stm32f4xx.h:470:
In file included from ./../CORE\core_cm4.h:170:
./../CORE\core_cmFunc.h:614:54: error: unknown register name 'vfpcc' in asm
  __ASM volatile ("VMSR fpscr, %0" : : "r" (fpscr) : "vfpcc");
                                                     ^
1 error generated.
In file included from ./../FWLIB/src/stm32f4xx_rcc.c:59:
In file included from ./../FWLIB/inc\stm32f4xx_rcc.h:37:
In file included from .\stm32f4xx.h:470:
In file included from ./../CORE\core_cm4.h:170:
./../CORE\core_cmFunc.h:614:54: error: unknown register name 'vfpcc' in asm
  __ASM volatile ("VMSR fpscr, %0" : : "r" (fpscr) : "vfpcc");
                                                     ^
1 error generated.
In file included from ./../FWLIB/src/stm32f4xx_hash_sha1.c:47:
In file included from ./../FWLIB/inc\stm32f4xx_hash.h:38:
In file included from .\stm32f4xx.h:470:
In file included from ./../CORE\core_cm4.h:170:
./../CORE\core_cmFunc.h:614:54: error: unknown register name 'vfpcc' in asm
  __ASM volatile ("VMSR fpscr, %0" : : "r" (fpscr) : "vfpcc");
                                                     ^
1 error generated.
In file included from ./../SYSTEM/CHE/car_ctrl.c:1:
In file included from ./../SYSTEM/CHE/car_ctrl.h:3:
In file included from ./../SYSTEM/sys\sys.h:3:
In file included from .\stm32f4xx.h:470:
In file included from ./../CORE\core_cm4.h:170:
./../CORE\core_cmFunc.h:614:54: error: unknown register name 'vfpcc' in asm
  __ASM volatile ("VMSR fpscr, %0" : : "r" (fpscr) : "vfpcc");
                                                     ^
1 error generated.
In file included from ./../SYSTEM/key.c:1:
In file included from ./../SYSTEM/key.h:3:
In file included from ./../SYSTEM/sys\sys.h:3:
In file included from .\stm32f4xx.h:470:
In file included from ./../CORE\core_cm4.h:170:
./../CORE\core_cmFunc.h:614:54: error: unknown register name 'vfpcc' in asm
  __ASM volatile ("VMSR fpscr, %0" : : "r" (fpscr) : "vfpcc");
                                                     ^
1 error generated.
In file included from ./../FWLIB/src/stm32f4xx_spi.c:159:
In file included from ./../FWLIB/inc\stm32f4xx_spi.h:38:
In file included from .\stm32f4xx.h:470:
In file included from ./../CORE\core_cm4.h:170:
./../CORE\core_cmFunc.h:614:54: error: unknown register name 'vfpcc' in asm
  __ASM volatile ("VMSR fpscr, %0" : : "r" (fpscr) : "vfpcc");
                                                     ^
1 error generated.
In file included from ./../SYSTEM/one_fly_contorl/onefly_control.c:1:
In file included from ./../SYSTEM/one_fly_contorl/onefly_control.h:3:
In file included from ./../SYSTEM/sys\sys.h:3:
In file included from .\stm32f4xx.h:470:
In file included from ./../CORE\core_cm4.h:170:
./../CORE\core_cmFunc.h:614:54: error: unknown register name 'vfpcc' in asm
  __ASM volatile ("VMSR fpscr, %0" : : "r" (fpscr) : "vfpcc");
                                                     ^
1 error generated.
In file included from ./../SYSTEM/CHE/ctrl_num.c:1:
In file included from ./../SYSTEM/CHE/ctrl_num.h:3:
In file included from ./../SYSTEM/sys\sys.h:3:
In file included from .\stm32f4xx.h:470:
In file included from ./../CORE\core_cm4.h:170:
./../CORE\core_cmFunc.h:614:54: error: unknown register name 'vfpcc' in asm
  __ASM volatile ("VMSR fpscr, %0" : : "r" (fpscr) : "vfpcc");
                                                     ^
1 error generated.
In file included from ./../FWLIB/src/stm32f4xx_dcmi.c:86:
In file included from ./../FWLIB/inc\stm32f4xx_dcmi.h:37:
In file included from .\stm32f4xx.h:470:
In file included from ./../CORE\core_cm4.h:170:
./../CORE\core_cmFunc.h:614:54: error: unknown register name 'vfpcc' in asm
  __ASM volatile ("VMSR fpscr, %0" : : "r" (fpscr) : "vfpcc");
                                                     ^
1 error generated.
In file included from ./../FWLIB/src/stm32f4xx_flash_ramfunc.c:58:
In file included from ./../FWLIB/inc\stm32f4xx_flash_ramfunc.h:38:
In file included from .\stm32f4xx.h:470:
In file included from ./../CORE\core_cm4.h:170:
./../CORE\core_cmFunc.h:614:54: error: unknown register name 'vfpcc' in asm
  __ASM volatile ("VMSR fpscr, %0" : : "r" (fpscr) : "vfpcc");
                                                     ^
1 error generated.
In file included from ./../SYSTEM/spi.c:1:
In file included from ./../SYSTEM/spi.h:3:
In file included from ./../SYSTEM/sys\sys.h:3:
In file included from .\stm32f4xx.h:470:
In file included from ./../CORE\core_cm4.h:170:
./../CORE\core_cmFunc.h:614:54: error: unknown register name 'vfpcc' in asm
  __ASM volatile ("VMSR fpscr, %0" : : "r" (fpscr) : "vfpcc");
                                                     ^
1 error generated.
In file included from ./../SYSTEM/delay/delay.c:1:
In file included from ./../SYSTEM/delay/delay.h:3:
In file included from ./../SYSTEM/sys\sys.h:3:
In file included from .\stm32f4xx.h:470:
In file included from ./../CORE\core_cm4.h:170:
./../CORE\core_cmFunc.h:614:54: error: unknown register name 'vfpcc' in asm
  __ASM volatile ("VMSR fpscr, %0" : : "r" (fpscr) : "vfpcc");
                                                     ^
1 error generated.
In file included from ./../SYSTEM/flycontrol_v1/SPL06_001.c:3:
In file included from ./../SYSTEM/flycontrol_v1/spl06_001.h:4:
In file included from ./../SYSTEM/sys\sys.h:3:
In file included from .\stm32f4xx.h:470:
In file included from ./../CORE\core_cm4.h:170:
./../CORE\core_cmFunc.h:614:54: error: unknown register name 'vfpcc' in asm
  __ASM volatile ("VMSR fpscr, %0" : : "r" (fpscr) : "vfpcc");
                                                     ^
1 error generated.
In file included from ./../SYSTEM/adc.c:1:
In file included from ./../SYSTEM/adc.h:3:
In file included from ./../SYSTEM/sys\sys.h:3:
In file included from .\stm32f4xx.h:470:
In file included from ./../CORE\core_cm4.h:170:
./../CORE\core_cmFunc.h:614:54: error: unknown register name 'vfpcc' in asm
  __ASM volatile ("VMSR fpscr, %0" : : "r" (fpscr) : "vfpcc");
                                                     ^
1 error generated.
In file included from ./../MOTOR_shuanghuan/motor_shuanghuan.c:1:
In file included from ./../MOTOR_shuanghuan/motor_shuanghuan.h:3:
In file included from ./../SYSTEM/sys\sys.h:3:
In file included from .\stm32f4xx.h:470:
In file included from ./../CORE\core_cm4.h:170:
./../CORE\core_cmFunc.h:614:54: error: unknown register name 'vfpcc' in asm
  __ASM volatile ("VMSR fpscr, %0" : : "r" (fpscr) : "vfpcc");
                                                     ^
1 error generated.

[2022-02-24 16:36:06]	compilation failed at : "c:\Users\gxt\Desktop\资料\stm32f407代码\stm32f407代码\最终版一号车\SYSTEM\key.c", exit code: 1
  at unify_builder.Program.compileByMulThread (System.Int32 thrNum, unify_builder.CmdGenerator+CmdInfo[] cmds, System.Collections.Generic.List`1[T] errLogs) [0x00104] in <67d11e1b30504dd6babd321425698ba1>:0 
  at unify_builder.Program.Main (System.String[] args) [0x018f4] in <67d11e1b30504dd6babd321425698ba1>:0 
---
In file included from ./../FWLIB/src/stm32f4xx_spi.c:159:
In file included from ./../FWLIB/inc\stm32f4xx_spi.h:38:
In file included from .\stm32f4xx.h:470:
In file included from ./../CORE\core_cm4.h:170:
./../CORE\core_cmFunc.h:614:54: error: unknown register name 'vfpcc' in asm
  __ASM volatile ("VMSR fpscr, %0" : : "r" (fpscr) : "vfpcc");
                                                     ^
1 error generated.
In file included from ./../SYSTEM/CHE/car_ctrl.c:1:
In file included from ./../SYSTEM/CHE/car_ctrl.h:3:
In file included from ./../SYSTEM/sys\sys.h:3:
In file included from .\stm32f4xx.h:470:
In file included from ./../CORE\core_cm4.h:170:
./../CORE\core_cmFunc.h:614:54: error: unknown register name 'vfpcc' in asm
  __ASM volatile ("VMSR fpscr, %0" : : "r" (fpscr) : "vfpcc");
                                                     ^
1 error generated.
In file included from ./../FWLIB/src/stm32f4xx_dcmi.c:86:
In file included from ./../FWLIB/inc\stm32f4xx_dcmi.h:37:
In file included from .\stm32f4xx.h:470:
In file included from ./../CORE\core_cm4.h:170:
./../CORE\core_cmFunc.h:614:54: error: unknown register name 'vfpcc' in asm
  __ASM volatile ("VMSR fpscr, %0" : : "r" (fpscr) : "vfpcc");
                                                     ^
1 error generated.
In file included from ./../SYSTEM/CHE/ctrl_num.c:1:
In file included from ./../SYSTEM/CHE/ctrl_num.h:3:
In file included from ./../SYSTEM/sys\sys.h:3:
In file included from .\stm32f4xx.h:470:
In file included from ./../CORE\core_cm4.h:170:
./../CORE\core_cmFunc.h:614:54: error: unknown register name 'vfpcc' in asm
  __ASM volatile ("VMSR fpscr, %0" : : "r" (fpscr) : "vfpcc");
                                                     ^
1 error generated.
In file included from ./../SYSTEM/one_fly_contorl/onefly_control.c:1:
In file included from ./../SYSTEM/one_fly_contorl/onefly_control.h:3:
In file included from ./../SYSTEM/sys\sys.h:3:
In file included from .\stm32f4xx.h:470:
In file included from ./../CORE\core_cm4.h:170:
./../CORE\core_cmFunc.h:614:54: error: unknown register name 'vfpcc' in asm
  __ASM volatile ("VMSR fpscr, %0" : : "r" (fpscr) : "vfpcc");
                                                     ^
1 error generated.
In file included from ./../FWLIB/src/misc.c:76:
In file included from ./../FWLIB/inc\misc.h:38:
In file included from .\stm32f4xx.h:470:
In file included from ./../CORE\core_cm4.h:170:
./../CORE\core_cmFunc.h:614:54: error: unknown register name 'vfpcc' in asm
  __ASM volatile ("VMSR fpscr, %0" : : "r" (fpscr) : "vfpcc");
                                                     ^
1 error generated.
In file included from ./../FWLIB/src/stm32f4xx_cryp_aes.c:55:
In file included from ./../FWLIB/inc\stm32f4xx_cryp.h:38:
In file included from .\stm32f4xx.h:470:
In file included from ./../CORE\core_cm4.h:170:
./../CORE\core_cmFunc.h:614:54: error: unknown register name 'vfpcc' in asm
  __ASM volatile ("VMSR fpscr, %0" : : "r" (fpscr) : "vfpcc");
                                                     ^
1 error generated.
In file included from ./../SYSTEM/adc.c:1:
In file included from ./../SYSTEM/adc.h:3:
In file included from ./../SYSTEM/sys\sys.h:3:
In file included from .\stm32f4xx.h:470:
In file included from ./../CORE\core_cm4.h:170:
./../CORE\core_cmFunc.h:614:54: error: unknown register name 'vfpcc' in asm
  __ASM volatile ("VMSR fpscr, %0" : : "r" (fpscr) : "vfpcc");
                                                     ^
1 error generated.
In file included from ./../FWLIB/src/stm32f4xx_rcc.c:59:
In file included from ./../FWLIB/inc\stm32f4xx_rcc.h:37:
In file included from .\stm32f4xx.h:470:
In file included from ./../CORE\core_cm4.h:170:
./../CORE\core_cmFunc.h:614:54: error: unknown register name 'vfpcc' in asm
  __ASM volatile ("VMSR fpscr, %0" : : "r" (fpscr) : "vfpcc");
                                                     ^
1 error generated.
In file included from ./../SYSTEM/flycontrol_v1/SPL06_001.c:3:
In file included from ./../SYSTEM/flycontrol_v1/spl06_001.h:4:
In file included from ./../SYSTEM/sys\sys.h:3:
In file included from .\stm32f4xx.h:470:
In file included from ./../CORE\core_cm4.h:170:
./../CORE\core_cmFunc.h:614:54: error: unknown register name 'vfpcc' in asm
  __ASM volatile ("VMSR fpscr, %0" : : "r" (fpscr) : "vfpcc");
                                                     ^
1 error generated.
In file included from ./../SYSTEM/delay/delay.c:1:
In file included from ./../SYSTEM/delay/delay.h:3:
In file included from ./../SYSTEM/sys\sys.h:3:
In file included from .\stm32f4xx.h:470:
In file included from ./../CORE\core_cm4.h:170:
./../CORE\core_cmFunc.h:614:54: error: unknown register name 'vfpcc' in asm
  __ASM volatile ("VMSR fpscr, %0" : : "r" (fpscr) : "vfpcc");
                                                     ^
1 error generated.
In file included from ./../FWLIB/src/stm32f4xx_hash_sha1.c:47:
In file included from ./../FWLIB/inc\stm32f4xx_hash.h:38:
In file included from .\stm32f4xx.h:470:
In file included from ./../CORE\core_cm4.h:170:
./../CORE\core_cmFunc.h:614:54: error: unknown register name 'vfpcc' in asm
  __ASM volatile ("VMSR fpscr, %0" : : "r" (fpscr) : "vfpcc");
                                                     ^
1 error generated.
In file included from ./../FWLIB/src/stm32f4xx_flash_ramfunc.c:58:
In file included from ./../FWLIB/inc\stm32f4xx_flash_ramfunc.h:38:
In file included from .\stm32f4xx.h:470:
In file included from ./../CORE\core_cm4.h:170:
./../CORE\core_cmFunc.h:614:54: error: unknown register name 'vfpcc' in asm
  __ASM volatile ("VMSR fpscr, %0" : : "r" (fpscr) : "vfpcc");
                                                     ^
1 error generated.
In file included from ./../SYSTEM/spi.c:1:
In file included from ./../SYSTEM/spi.h:3:
In file included from ./../SYSTEM/sys\sys.h:3:
In file included from .\stm32f4xx.h:470:
In file included from ./../CORE\core_cm4.h:170:
./../CORE\core_cmFunc.h:614:54: error: unknown register name 'vfpcc' in asm
  __ASM volatile ("VMSR fpscr, %0" : : "r" (fpscr) : "vfpcc");
                                                     ^
1 error generated.
In file included from ./../MOTOR_shuanghuan/motor_shuanghuan.c:1:
In file included from ./../MOTOR_shuanghuan/motor_shuanghuan.h:3:
In file included from ./../SYSTEM/sys\sys.h:3:
In file included from .\stm32f4xx.h:470:
In file included from ./../CORE\core_cm4.h:170:
./../CORE\core_cmFunc.h:614:54: error: unknown register name 'vfpcc' in asm
  __ASM volatile ("VMSR fpscr, %0" : : "r" (fpscr) : "vfpcc");
                                                     ^
1 error generated.
In file included from ./../SYSTEM/key.c:1:
In file included from ./../SYSTEM/key.h:3:
In file included from ./../SYSTEM/sys\sys.h:3:
In file included from .\stm32f4xx.h:470:
In file included from ./../CORE\core_cm4.h:170:
./../CORE\core_cmFunc.h:614:54: error: unknown register name 'vfpcc' in asm
  __ASM volatile ("VMSR fpscr, %0" : : "r" (fpscr) : "vfpcc");
                                                     ^
1 error generated.

[2022-02-24 16:36:48]	[done]
	build successfully !

